<?xml version="1.0" encoding="UTF-8"?>
<!-- Generated by org.testng.reporters.JUnitReportReporter -->
<testsuite hostname="Sumit-PC" name="appium2016.Calculator" tests="1" failures="0" timestamp="9 Jul 2016 05:44:23 GMT" time="8.638" errors="1">
  <testcase name="testCal" time="8.638" classname="appium2016.Calculator">
    <error type="org.openqa.selenium.UnsupportedCommandException" message="Invalid locator strategy: tag name (WARNING: The server did not provide any stacktrace information)
Command duration or timeout: 11 milliseconds
Build info: version: &#039;2.53.0&#039;, revision: &#039;35ae25b&#039;, time: &#039;2016-03-15 16:57:40&#039;
System info: host: &#039;Sumit-PC&#039;, ip: &#039;192.168.56.1&#039;, os.name: &#039;Windows 7&#039;, os.arch: &#039;x86&#039;, os.version: &#039;6.1&#039;, java.version: &#039;1.8.0_66&#039;
Driver info: org.openqa.selenium.remote.RemoteWebDriver
Capabilities [{appPackage=com.android.calculator2, networkConnectionEnabled=true, warnings={}, databaseEnabled=false, deviceName=192.168.3.101:5555, platform=LINUX, appActivity=com.android.calculator2.Calculator, desired={appPackage=com.android.calculator2, appActivity=com.android.calculator2.Calculator, BROWSER_NAME=Android, VERSION=4.4.2, platformName=Android, deviceName=Emulator}, platformVersion=4.4.4, BROWSER_NAME=Android, webStorageEnabled=false, locationContextEnabled=false, VERSION=4.4.2, browserName=Android, takesScreenshot=true, javascriptEnabled=true, platformName=Android}]
Session ID: aadc1ecd-fb46-4cf2-88de-1d0621d9ec4a
*** Element info: {Using=tag name, value=EditText}">
      <![CDATA[org.openqa.selenium.UnsupportedCommandException: Invalid locator strategy: tag name (WARNING: The server did not provide any stacktrace information)
Command duration or timeout: 11 milliseconds
Build info: version: '2.53.0', revision: '35ae25b', time: '2016-03-15 16:57:40'
System info: host: 'Sumit-PC', ip: '192.168.56.1', os.name: 'Windows 7', os.arch: 'x86', os.version: '6.1', java.version: '1.8.0_66'
Driver info: org.openqa.selenium.remote.RemoteWebDriver
Capabilities [{appPackage=com.android.calculator2, networkConnectionEnabled=true, warnings={}, databaseEnabled=false, deviceName=192.168.3.101:5555, platform=LINUX, appActivity=com.android.calculator2.Calculator, desired={appPackage=com.android.calculator2, appActivity=com.android.calculator2.Calculator, BROWSER_NAME=Android, VERSION=4.4.2, platformName=Android, deviceName=Emulator}, platformVersion=4.4.4, BROWSER_NAME=Android, webStorageEnabled=false, locationContextEnabled=false, VERSION=4.4.2, browserName=Android, takesScreenshot=true, javascriptEnabled=true, platformName=Android}]
Session ID: aadc1ecd-fb46-4cf2-88de-1d0621d9ec4a
*** Element info: {Using=tag name, value=EditText}
	at sun.reflect.NativeConstructorAccessorImpl.newInstance0(Native Method)
	at sun.reflect.NativeConstructorAccessorImpl.newInstance(Unknown Source)
	at sun.reflect.DelegatingConstructorAccessorImpl.newInstance(Unknown Source)
	at java.lang.reflect.Constructor.newInstance(Unknown Source)
	at org.openqa.selenium.remote.ErrorHandler.createThrowable(ErrorHandler.java:206)
	at org.openqa.selenium.remote.ErrorHandler.throwIfResponseFailed(ErrorHandler.java:158)
	at org.openqa.selenium.remote.RemoteWebDriver.execute(RemoteWebDriver.java:678)
	at org.openqa.selenium.remote.RemoteWebDriver.findElement(RemoteWebDriver.java:363)
	at org.openqa.selenium.remote.RemoteWebDriver.findElementByTagName(RemoteWebDriver.java:445)
	at org.openqa.selenium.By$ByTagName.findElement(By.java:334)
	at org.openqa.selenium.remote.RemoteWebDriver.findElement(RemoteWebDriver.java:355)
	at appium2016.Calculator.testCal(Calculator.java:46)
	at sun.reflect.NativeMethodAccessorImpl.invoke0(Native Method)
	at sun.reflect.NativeMethodAccessorImpl.invoke(Unknown Source)
	at sun.reflect.DelegatingMethodAccessorImpl.invoke(Unknown Source)
	at java.lang.reflect.Method.invoke(Unknown Source)
	at org.testng.internal.MethodInvocationHelper.invokeMethod(MethodInvocationHelper.java:86)
	at org.testng.internal.Invoker.invokeMethod(Invoker.java:645)
	at org.testng.internal.Invoker.invokeTestMethod(Invoker.java:822)
	at org.testng.internal.Invoker.invokeTestMethods(Invoker.java:1130)
	at org.testng.internal.TestMethodWorker.invokeTestMethods(TestMethodWorker.java:129)
	at org.testng.internal.TestMethodWorker.run(TestMethodWorker.java:112)
	at org.testng.TestRunner.privateRun(TestRunner.java:782)
	at org.testng.TestRunner.run(TestRunner.java:632)
	at org.testng.SuiteRunner.runTest(SuiteRunner.java:366)
	at org.testng.SuiteRunner.runSequentially(SuiteRunner.java:361)
	at org.testng.SuiteRunner.privateRun(SuiteRunner.java:319)
	at org.testng.SuiteRunner.run(SuiteRunner.java:268)
	at org.testng.SuiteRunnerWorker.runSuite(SuiteRunnerWorker.java:52)
	at org.testng.SuiteRunnerWorker.run(SuiteRunnerWorker.java:86)
	at org.testng.TestNG.runSuitesSequentially(TestNG.java:1244)
	at org.testng.TestNG.runSuitesLocally(TestNG.java:1169)
	at org.testng.TestNG.run(TestNG.java:1064)
	at org.testng.remote.RemoteTestNG.run(RemoteTestNG.java:113)
	at org.testng.remote.RemoteTestNG.initAndRun(RemoteTestNG.java:206)
	at org.testng.remote.RemoteTestNG.main(RemoteTestNG.java:177)
]]>
    </error>
  </testcase> <!-- testCal -->
</testsuite> <!-- appium2016.Calculator -->
